<?xml version="1.0" encoding="utf-8"?><testsuites name="pytest tests"><testsuite name="pytest" errors="0" failures="0" skipped="0" tests="2255" time="101.323" timestamp="2026-08-19T02:50:16.540360-06:00" hostname="Mac.gateway.sasktel.net"><testcase classname="tests.integration.test_canonical_hash.TestCanonicalHash" name="test_canonical_hash_changes_with_graph" time="2.291" /><testcase classname="tests.integration.test_shadow_evaluation.TestShadowEvaluation" name="test_multiple_evaluations_leave_state_unchanged" time="2.332" /><testcase classname="tests.integration.test_v6_exp3_encoders.TestProtocol" name="test_state_action_representation_creation" time="0.000" /><testcase classname="tests.integration.test_v6_exp3_encoders.TestProtocol" name="test_state_action_representation_to_log" time="0.000" /><testcase classname="tests.integration.test_v6_exp3_encoders.TestProtocol" name="test_feature_hash_deterministic" time="0.000" /><testcase classname="tests.integration.test_v6_exp3_encoders.TestProtocol" name="test_feature_hash_differs" time="0.000" /><testcase classname="tests.integration.test_v6_exp3_encoders.TestProtocol" name="test_safe_log1p" time="0.000" /><testcase classname="tests.integration.test_v6_exp3_encoders.TestProtocol" name="test_ensure_finite" time="0.000" /><testcase classname="tests.integration.test_v6_exp3_encoders.TestProtocol" name="test_action_encoding_schema_hash" time="0.000" /><testcase classname="tests.integration.test_v6_exp3_encoders.TestProtocol" name="test_action_encoding_schema_type_index" time="0.001" /><testcase classname="tests.integration.test_v511_final_qualification.TestV511ReleaseReadiness" name="test_version_is_v511_dev" time="0.003" /><testcase classname="tests.integration.test_v6_exp2_dataset.TestFeatureExtraction" name="test_global_features_dim" time="0.059" /><testcase classname="tests.integration.test_crash_recovery.TestSubprocessCrashRecovery" name="test_clean_shutdown_produces_valid_wal" time="5.851" /><testcase classname="tests.integration.test_packaging_api_cli.TestCLI" name="test_python_m_lgae_v3_works" time="3.383" /><testcase classname="tests.integration.test_v6_exp3_encoders.TestLocalSubgraphEncoder" name="test_dimension" time="0.000" /><testcase classname="tests.integration.test_v6_exp3_encoders.TestLocalSubgraphEncoder" name="test_extract_subgraph_features" time="0.026" /><testcase classname="tests.integration.test_fiber_gauge_canonical.TestGaugeCanonicalTransaction" name="test_gauge_transaction_commits_through_commit_channel" time="2.227" /><testcase classname="tests.integration.test_learning_credit_naming.TestCreditNamingCleanup" name="test_credit_assignment_to_dict" time="0.001" /><testcase classname="tests.integration.test_learning_credit_naming.TestRealizedOutcomeLearning" name="test_step_produces_learning_result" time="2.238" /><testcase classname="tests.integration.test_v511_final_qualification.TestV511ReleaseReadiness" name="test_no_v510_schema_references" time="0.002" /><testcase classname="tests.integration.test_v511_final_qualification.TestV511ReleaseReadiness" name="test_python_m_lgae_v3_version" time="3.366" /><testcase classname="tests.integration.test_adversarial_authority.TestDirectMutationAttacks" name="test_cannot_mutate_through_guard_graph" time="2.182" /><testcase classname="tests.integration.test_v6_exp3_encoders.TestProtocol" name="test_action_encoding_schema_deterministic" time="0.001" /><testcase classname="tests.integration.test_v6_exp3_encoders.TestNormalization" name="test_unfit_state" time="0.001" /><testcase classname="tests.integration.test_v6_exp3_encoders.TestNormalization" name="test_fit_on_train" time="0.003" /><testcase classname="tests.integration.test_v6_exp3_encoders.TestNormalization" name="test_fit_on_heldout_raises" time="0.000" /><testcase classname="tests.integration.test_v6_exp3_encoders.TestNormalization" name="test_fit_on_validation_raises" time="0.000" /><testcase classname="tests.integration.test_v6_exp3_encoders.TestNormalization" name="test_freeze_after_fit" time="0.001" /><testcase classname="tests.integration.test_v6_exp3_encoders.TestNormalization" name="test_freeze_before_fit_raises" time="0.001" /><testcase classname="tests.integration.test_v6_exp3_encoders.TestNormalization" name="test_fit_after_freeze_raises" time="0.000" /><testcase classname="tests.integration.test_v6_exp1_foundation.TestStructuralDataset" name="test_dataset_serialization_roundtrip" time="2.184" /><testcase classname="tests.integration.test_v6_exp3_encoders.TestNormalization" name="test_transform_unfit_returns_raw" time="0.000" /><testcase classname="tests.integration.test_v6_exp3_encoders.TestNormalization" name="test_transform_fitted_normalizes" time="0.000" /><testcase classname="tests.integration.test_v6_exp3_encoders.TestNormalization" name="test_transform_with_nonfinite" time="0.000" /><testcase classname="tests.integration.test_v6_exp3_encoders.TestNormalization" name="test_normalization_hash_deterministic" time="0.000" /><testcase classname="tests.integration.test_v6_exp3_encoders.TestNormalization" name="test_normalization_hash_differs_for_different_data" time="0.000" /><testcase classname="tests.integration.test_v6_exp3_encoders.TestMinimalControlEncoder" name="test_name_and_version" time="0.000" /><testcase classname="tests.integration.test_v6_exp3_encoders.TestMinimalControlEncoder" name="test_dimension" time="0.000" /><testcase classname="tests.integration.test_v6_exp3_encoders.TestMinimalControlEncoder" name="test_deterministic" time="0.039" /><testcase classname="tests.integration.test_v6_exp3_encoders.TestLocalSubgraphEncoder" name="test_subgraph_features_deterministic" time="0.004" /><testcase classname="tests.integration.test_v6_exp3_encoders.TestLocalSubgraphEncoder" name="test_subgraph_features_finite_for_disconnected" time="0.001" /><testcase classname="tests.integration.test_v6_exp3_encoders.TestGeometricEncoder" name="test_name" time="0.000" /><testcase classname="tests.integration.test_v6_exp3_encoders.TestGeometricEncoder" name="test_dimension" time="0.000" /><testcase classname="tests.integration.test_v6_exp3_encoders.TestGeometricEncoder" name="test_extract_geometric_features" time="0.009" /><testcase classname="tests.integration.test_v6_exp3_encoders.TestGeometricEncoder" name="test_geometric_features_deterministic" time="0.004" /><testcase classname="tests.integration.test_v6_exp3_encoders.TestSpectralEncoder" name="test_name" time="0.000" /><testcase classname="tests.integration.test_v6_exp3_encoders.TestSpectralEncoder" name="test_dimension" time="0.000" /><testcase classname="tests.integration.test_v6_exp3_encoders.TestSpectralEncoder" name="test_extract_spectral_features" time="0.003" /><testcase classname="tests.integration.test_v6_exp3_encoders.TestSpectralEncoder" name="test_spectral_determinism" time="0.001" /><testcase classname="tests.integration.test_v6_exp3_encoders.TestSpectralEncoder" name="test_spectral_for_empty_graph" time="0.000" /><testcase classname="tests.integration.test_v6_exp3_encoders.TestSmallLearnedGraphEncoder" name="test_name" time="0.007" /><testcase classname="tests.integration.test_v6_exp2_dataset.TestFeatureExtraction" name="test_global_features_are_finite" time="0.007" /><testcase classname="tests.integration.test_v6_exp3_encoders.TestMinimalControlEncoder" name="test_does_not_require_fit" time="0.000" /><testcase classname="tests.integration.test_v6_exp3_encoders.TestMinimalControlEncoder" name="test_schema_hash_stable" time="0.000" /><testcase classname="tests.integration.test_v6_exp3_encoders.TestMinimalControlEncoder" name="test_different_actions_differ" time="0.022" /><testcase classname="tests.integration.test_v6_exp3_encoders.TestSmallLearnedGraphEncoder" name="test_dimension" time="0.001" /><testcase classname="tests.integration.test_v6_exp3_encoders.TestSmallLearnedGraphEncoder" name="test_n_parameters" time="0.001" /><testcase classname="tests.integration.test_v6_exp2_dataset.TestFeatureExtraction" name="test_global_features_deterministic" time="0.008" /><testcase classname="tests.integration.test_v6_exp3_encoders.TestSmallLearnedGraphEncoder" name="test_lifecycle_unfit" time="0.001" /><testcase classname="tests.integration.test_v6_exp3_encoders.TestSmallLearnedGraphEncoder" name="test_fit_on_train" time="2.096" /><testcase classname="tests.integration.test_v6_exp2_dataset.TestFeatureExtraction" name="test_global_features_log" time="0.006" /><testcase classname="tests.integration.test_v6_exp2_dataset.TestFeatureExtraction" name="test_local_action_features_dim" time="0.002" /><testcase classname="tests.integration.test_v6_exp3_encoders.TestMinimalControlEncoder" name="test_all_finite" time="0.006" /><testcase classname="tests.integration.test_v6_exp2_dataset.TestFeatureExtraction" name="test_local_action_features_finite" time="0.001" /><testcase classname="tests.integration.test_v6_exp2_dataset.TestFeatureExtraction" name="test_local_action_features_for_distant_nodes" time="0.001" /><testcase classname="tests.integration.test_v6_exp2_dataset.TestFeatureExtraction" name="test_combined_feature_vector" time="0.003" /><testcase classname="tests.integration.test_v6_exp2_dataset.TestFeatureExtraction" name="test_combined_feature_vector_no_local" time="0.008" /><testcase classname="tests.integration.test_v6_exp3_encoders.TestGlobalStateEncoder" name="test_name" time="0.000" /><testcase classname="tests.integration.test_v6_exp3_encoders.TestGlobalStateEncoder" name="test_dimension" time="0.000" /><testcase classname="tests.integration.test_v6_exp3_encoders.TestGlobalStateEncoder" name="test_requires_fit" time="0.000" /><testcase classname="tests.integration.test_v6_exp3_encoders.TestGlobalStateEncoder" name="test_deterministic_after_fit" time="0.070" /><testcase classname="tests.integration.test_v6_exp2_dataset.TestDatasetGeneration" name="test_generate_split_produces_records" time="5.927" /><testcase classname="tests.integration.test_v6_exp3_encoders.TestGlobalStateEncoder" name="test_unfit_returns_raw" time="0.006" /><testcase classname="tests.integration.test_v6_exp3_encoders.TestGlobalStateEncoder" name="test_fit_rejects_heldout" time="0.004" /><testcase classname="tests.integration.test_v6_exp3_encoders.TestGlobalStateEncoder" name="test_freeze_rejects_refit" time="0.016" /><testcase classname="tests.integration.test_v6_exp3_encoders.TestGlobalStateEncoder" name="test_all_finite" time="0.029" /><testcase classname="tests.integration.test_v6_exp3_encoders.TestLocalActionEncoder" name="test_name" time="0.000" /><testcase classname="tests.integration.test_v6_exp3_encoders.TestLocalActionEncoder" name="test_dimension" time="0.000" /><testcase classname="tests.integration.test_v6_exp3_encoders.TestLocalActionEncoder" name="test_deterministic_after_fit" time="0.049" /><testcase classname="tests.integration.test_v6_exp3_encoders.TestLocalActionEncoder" name="test_fit_rejects_heldout" time="0.008" /><testcase classname="tests.integration.test_v6_exp3_encoders.TestLocalActionEncoder" name="test_all_finite" time="0.029" /><testcase classname="tests.integration.test_v6_exp3_encoders.TestSemanticActionEncoder" name="test_name" time="0.001" /><testcase classname="tests.integration.test_v6_exp3_encoders.TestSemanticActionEncoder" name="test_dimension" time="0.000" /><testcase classname="tests.integration.test_v6_exp3_encoders.TestSemanticActionEncoder" name="test_deterministic_after_fit" time="0.074" /><testcase classname="tests.integration.test_v6_exp3_encoders.TestSemanticActionEncoder" name="test_different_actions_differ" time="0.047" /><testcase classname="tests.integration.test_v6_exp3_encoders.TestLocalSubgraphEncoder" name="test_name" time="0.001" /><testcase classname="tests.integration.test_v6_exp3_encoders.TestNumericalRobustness" name="test_minimal_encoder_nonfinite_input" time="0.000" /><testcase classname="tests.integration.test_v6_exp3_encoders.TestProbeBenchmark" name="test_logistic_probe_fit_predict" time="0.001" /><testcase classname="tests.integration.test_v6_exp3_encoders.TestProbeBenchmark" name="test_linear_probe_fit_predict" time="0.001" /><testcase classname="tests.integration.test_v6_exp3_encoders.TestProbeBenchmark" name="test_run_probe_benchmark" time="0.307" /><testcase classname="tests.integration.test_v6_exp3_encoders.TestProbeBenchmark" name="test_probe_benchmark_reproducible" time="0.380" /><testcase classname="tests.integration.test_v6_exp3_encoders.TestCollisionAnalysis" name="test_no_collisions_for_distinct" time="0.104" /><testcase classname="tests.integration.test_v6_exp3_encoders.TestCollisionAnalysis" name="test_collision_detection" time="0.041" /><testcase classname="tests.integration.test_v6_exp3_encoders.TestCollisionAnalysis" name="test_empty_representations" time="0.000" /><testcase classname="tests.integration.test_v6_exp3_encoders.TestCollisionAnalysis" name="test_collision_report_to_log" time="0.015" /><testcase classname="tests.integration.test_v6_exp3_encoders.TestComplexityComparison" name="test_complexity_metrics" time="0.001" /><testcase classname="tests.integration.test_v6_exp3_encoders.TestComplexityComparison" name="test_compute_effectiveness" time="0.000" /><testcase classname="tests.integration.test_v6_exp3_encoders.TestComplexityComparison" name="test_compare_encoders" time="0.000" /><testcase classname="tests.integration.test_v6_exp3_encoders.TestAuthorityBoundaryExp3" name="test_encoders_do_not_touch_runtime" time="1.360" /><testcase classname="tests.integration.test_v6_exp3_encoders.TestSmallLearnedGraphEncoder" name="test_fit_rejects_heldout" time="0.010" /><testcase classname="tests.integration.test_v6_exp3_encoders.TestSmallLearnedGraphEncoder" name="test_freeze_after_fit" time="0.004" /><testcase classname="tests.integration.test_v6_exp3_encoders.TestSmallLearnedGraphEncoder" name="test_freeze_before_fit_raises" time="0.002" /><testcase classname="tests.integration.test_v6_exp3_encoders.TestSmallLearnedGraphEncoder" name="test_fit_after_freeze_raises" time="0.002" /><testcase classname="tests.integration.test_v6_exp3_encoders.TestHybridEncoder" name="test_name" time="0.000" /><testcase classname="tests.integration.test_v6_exp3_encoders.TestHybridEncoder" name="test_dimension_sums_sub_encoders" time="0.000" /><testcase classname="tests.integration.test_v6_exp3_encoders.TestHybridEncoder" name="test_add_encoder" time="0.000" /><testcase classname="tests.integration.test_v6_exp3_encoders.TestHybridEncoder" name="test_encode_combines" time="0.021" /><testcase classname="tests.integration.test_v6_exp1_foundation.TestStructuralDataset" name="test_dataset_save_load" time="0.073" /><testcase classname="tests.integration.test_adversarial_authority.TestDirectMutationAttacks" name="test_cannot_set_engine_graph_directly" time="0.020" /><testcase classname="tests.integration.test_adversarial_authority.TestDirectMutationAttacks" name="test_cannot_mutate_through_frozen_fiber_view" time="0.011" /><testcase classname="tests.integration.test_v6_exp3_encoders.TestEncoderRegistry" name="test_create_minimal" time="0.000" /><testcase classname="tests.integration.test_v6_exp3_encoders.TestEncoderRegistry" name="test_create_global" time="0.000" /><testcase classname="tests.integration.test_v6_exp3_encoders.TestEncoderRegistry" name="test_create_global_local" time="0.000" /><testcase classname="tests.integration.test_v6_exp3_encoders.TestEncoderRegistry" name="test_create_unknown_raises" time="0.000" /><testcase classname="tests.integration.test_v6_exp3_encoders.TestEncoderRegistry" name="test_available_encoders" time="0.000" /><testcase classname="tests.integration.test_v6_exp3_encoders.TestEncoderRegistry" name="test_encoder_info" time="0.000" /><testcase classname="tests.integration.test_v6_exp3_encoders.TestEncoderRegistry" name="test_all_encoder_info" time="0.002" /><testcase classname="tests.integration.test_v6_exp3_encoders.TestEncoderRegistry" name="test_provenance_hash" time="0.002" /><testcase classname="tests.integration.test_adversarial_authority.TestTransactionTamperingAttacks" name="test_modified_delta_hash_rejected" time="0.011" /><testcase classname="tests.integration.test_v6_exp3_encoders.TestPermutationInvariance" name="test_global_features_permutation_invariant" time="0.027" /><testcase classname="tests.integration.test_adversarial_authority.TestTransactionTamperingAttacks" name="test_modified_shadow_graph_rejected" time="0.008" /><testcase classname="tests.integration.test_fiber_gauge_canonical.TestJointCanonicalTransaction" name="test_make_joint_transaction_creates_valid_transaction" time="0.032" /><testcase classname="tests.integration.test_adversarial_authority.TestAuthorizationReplayAttacks" name="test_authorization_cannot_authorize_different_transaction" time="0.008" /><testcase classname="tests.integration.test_learning_credit_naming.TestRealizedOutcomeLearning" name="test_learning_uses_realized_delta" time="0.055" /><testcase classname="tests.integration.test_adversarial_authority.TestAuthorizationReplayAttacks" name="test_rejected_authorization_cannot_commit" time="0.006" /><testcase classname="tests.integration.test_v6_exp3_encoders.TestPermutationInvariance" name="test_local_action_features_symmetric" time="0.003" /><testcase classname="tests.integration.test_adversarial_authority.TestAuthorizationReplayAttacks" name="test_quarantined_authorization_cannot_commit" time="0.007" /><testcase classname="tests.integration.test_v6_exp3_encoders.TestActionSymmetry" name="test_minimal_encoder_action_symmetry" time="0.006" /><testcase classname="tests.integration.test_adversarial_authority.TestStaleStateAttacks" name="test_old_state_hash_rejected" time="0.010" /><testcase classname="tests.integration.test_v6_exp3_encoders.TestActionSymmetry" name="test_global_encoder_action_symmetry" time="0.049" /><testcase classname="tests.integration.test_v6_exp1_foundation.TestStructuralDataset" name="test_dataset_content_hash" time="0.060" /><testcase classname="tests.integration.test_fiber_gauge_canonical.TestJointCanonicalTransaction" name="test_joint_transaction_commits_as_single_operation" time="0.007" /><testcase classname="tests.integration.test_adversarial_authority.TestStaleStateAttacks" name="test_old_state_version_rejected" time="0.006" /><testcase classname="tests.integration.test_fiber_gauge_canonical.TestJointCanonicalTransaction" name="test_no_legacy_direct_fiber_commit" time="0.006" /><testcase classname="tests.integration.test_adversarial_authority.TestShadowStateLeakage" name="test_evaluate_does_not_change_state_hash" time="0.031" /><testcase classname="tests.integration.test_fiber_gauge_canonical.TestJointCanonicalTransaction" name="test_no_legacy_direct_gauge_commit" time="0.020" /><testcase classname="tests.integration.test_canonical_hash.TestCanonicalHash" name="test_canonical_hash_changes_with_fiber" time="0.015" /><testcase classname="tests.integration.test_learning_integrity.TestRealizedDelta" name="test_realized_delta_is_computed" time="0.024" /><testcase classname="tests.integration.test_final_release_gate.TestCleanRoomVerification" name="test_clean_room_recovery_from_foreign_wal" time="0.019" /><testcase classname="tests.integration.test_adversarial_authority.TestShadowStateLeakage" name="test_multiple_evaluates_do_not_change_state" time="0.139" /><testcase classname="tests.integration.test_canonical_hash.TestCanonicalHash" name="test_canonical_hash_changes_with_gauge" time="0.014" /><testcase classname="tests.integration.test_v6_exp3_encoders.TestMissingFeatures" name="test_ensure_finite_replaces_nan" time="0.000" /><testcase classname="tests.integration.test_v6_exp3_encoders.TestMissingFeatures" name="test_ensure_finite_replaces_inf" time="0.000" /><testcase classname="tests.integration.test_v6_exp3_encoders.TestMissingFeatures" name="test_normalization_handles_nonfinite" time="0.000" /><testcase classname="tests.integration.test_v6_exp3_encoders.TestMissingFeatures" name="test_encoder_handles_nonfinite_global" time="0.023" /><testcase classname="tests.integration.test_final_release_gate.TestAttackSuite" name="test_stale_state_attack_rejected" time="0.009" /><testcase classname="tests.integration.test_learning_integrity.TestRealizedDelta" name="test_realized_delta_not_predicted_delta" time="0.068" /><testcase classname="tests.integration.test_canonical_hash.TestCanonicalHash" name="test_canonical_hash_changes_with_version" time="0.013" /><testcase classname="tests.integration.test_v6_exp1_foundation.TestStructuralDataset" name="test_schema_validation" time="0.030" /><testcase classname="tests.integration.test_final_release_gate.TestAttackSuite" name="test_invalid_auth_attack_rejected" time="0.012" /><testcase classname="tests.integration.test_v6_exp3_encoders.TestNumericalRobustness" name="test_zero_edge_graph" time="0.000" /><testcase classname="tests.integration.test_v6_exp3_encoders.TestNumericalRobustness" name="test_single_node_graph" time="0.000" /><testcase classname="tests.integration.test_v6_exp3_encoders.TestNumericalRobustness" name="test_disconnected_graph" time="0.001" /><testcase classname="tests.integration.test_shared_apply_path.TestSharedApplyPath" name="test_normal_and_recovery_produce_same_state" time="0.024" /><testcase classname="tests.integration.test_v6_exp3_encoders.TestNumericalRobustness" name="test_complete_graph" time="0.012" /><testcase classname="tests.integration.test_canonical_hash.TestCanonicalHash" name="test_canonical_hash_differs_from_state_hash" time="0.011" /><testcase classname="tests.integration.test_final_release_gate.TestAttackSuite" name="test_corrupted_wal_attack_detected" time="0.011" /><testcase classname="tests.integration.test_canonical_hash.TestCanonicalHash" name="test_canonical_hash_includes_extended_fields" time="0.040" /><testcase classname="tests.integration.test_v6_exp4_1_competition.TestCompatibilityBinding" name="test_compatibility_checks_split_hash" time="0.001" /><testcase classname="tests.integration.test_v6_exp4_1_competition.TestCompatibilityBinding" name="test_compatibility_checks_normalization_hash" time="0.001" /><testcase classname="tests.integration.test_v6_exp4_1_competition.TestCompatibilityBinding" name="test_compatibility_empty_fields_are_wildcards" time="0.000" /><testcase classname="tests.integration.test_v6_exp1_foundation.TestExperimentRegistry" name="test_create_experiment" time="0.000" /><testcase classname="tests.integration.test_v6_exp4_1_competition.TestCompatibilityBinding" name="test_registry_verify_compatibility_with_identity" time="0.002" /><testcase classname="tests.integration.test_final_release_gate.TestAttackSuite" name="test_engine_mutation_blocked" time="0.008" /><testcase classname="tests.integration.test_v6_exp1_foundation.TestExperimentRegistry" name="test_start_and_complete" time="0.000" /><testcase classname="tests.integration.test_v6_exp1_foundation.TestExperimentRegistry" name="test_fail_experiment" time="0.000" /><testcase classname="tests.integration.test_v6_exp4_1_competition.TestUnifiedTerminology" name="test_model_prediction_has_risk_not_reward" time="0.000" /><testcase classname="tests.integration.test_v6_exp4_1_competition.TestUnifiedTerminology" name="test_model_prediction_has_probability_positive" time="0.000" /><testcase classname="tests.integration.test_v6_exp4_1_competition.TestUnifiedTerminology" name="test_model_prediction_reward_is_deprecated_alias" time="0.001" /><testcase classname="tests.integration.test_v6_exp4_1_competition.TestUnifiedTerminology" name="test_model_prediction_to_log_includes_risk" time="0.000" /><testcase classname="tests.integration.test_v6_exp4_1_competition.TestCompetitionHarness" name="test_extract_competition_data" time="0.002" /><testcase classname="tests.integration.test_v6_exp4_1_competition.TestCompetitionHarness" name="test_run_competition_minimal" time="0.004" /><testcase classname="tests.integration.test_shared_apply_path.TestSharedApplyPath" name="test_apply_wal_mutation_is_deterministic" time="0.033" /><testcase classname="tests.integration.test_v6_exp1_foundation.TestExperimentRegistry" name="test_supersede_experiment" time="0.000" /><testcase classname="tests.integration.test_v6_exp1_foundation.TestExperimentRegistry" name="test_by_status" time="0.000" /><testcase classname="tests.integration.test_v6_exp1_foundation.TestExperimentRegistry" name="test_by_tag" time="0.000" /><testcase classname="tests.integration.test_v6_exp1_foundation.TestExperimentRegistry" name="test_save_load" time="0.002" /><testcase classname="tests.integration.test_v6_exp1_foundation.TestExperimentRegistry" name="test_deterministic_experiment_id" time="0.000" /><testcase classname="tests.integration.test_v6_exp1_foundation.TestReproducibility" name="test_seed_all_does_not_error" time="0.004" /><testcase classname="tests.integration.test_v6_exp1_foundation.TestReproducibility" name="test_config_hash_is_deterministic" time="0.000" /><testcase classname="tests.integration.test_v6_exp1_foundation.TestReproducibility" name="test_config_hash_differs_for_different_configs" time="0.000" /><testcase classname="tests.integration.test_v6_exp1_foundation.TestReproducibility" name="test_run_fingerprint_is_deterministic" time="0.000" /><testcase classname="tests.integration.test_v6_exp1_foundation.TestReproducibility" name="test_run_fingerprint_differs_for_different_configs" time="0.000" /><testcase classname="tests.integration.test_v6_exp1_foundation.TestReproducibility" name="test_reproducibility_config_to_log" time="0.000" /><testcase classname="tests.integration.test_v6_exp1_foundation.TestWorldModelInterfaces" name="test_outcome_model_interface_is_abstract" time="0.000" /><testcase classname="tests.integration.test_v6_exp1_foundation.TestWorldModelInterfaces" name="test_world_model_interface_is_abstract" time="0.000" /><testcase classname="tests.integration.test_v6_exp1_foundation.TestWorldModelInterfaces" name="test_state_encoder_interface_is_abstract" time="0.000" /><testcase classname="tests.integration.test_v6_exp1_foundation.TestWorldModelInterfaces" name="test_model_prediction_dataclass" time="0.000" /><testcase classname="tests.integration.test_v6_exp1_foundation.TestWorldModelInterfaces" name="test_model_trust_report_dataclass" time="0.001" /><testcase classname="tests.integration.test_final_release_gate.TestEngineeringQualification" name="test_safety_qualification_passes" time="0.012" /><testcase classname="tests.integration.test_v6_exp1_foundation.TestWorldModelInterfaces" name="test_concrete_outcome_model_can_be_implemented" time="0.001" /><testcase classname="tests.integration.test_v6_exp1_foundation.TestWorldModelInterfaces" name="test_concrete_world_model_can_be_implemented" time="0.001" /><testcase classname="tests.integration.test_v6_exp1_foundation.TestV6Metrics" name="test_adaptation_speed" time="0.001" /><testcase classname="tests.integration.test_v6_exp1_foundation.TestV6Metrics" name="test_adaptation_speed_never_reached" time="0.000" /><testcase classname="tests.integration.test_v6_exp4_1_competition.TestCompetitionHarness" name="test_competition_report_summary_table" time="0.000" /><testcase classname="tests.integration.test_v6_exp4_1_competition.TestCompetitionHarness" name="test_competition_report_to_json" time="0.000" /><testcase classname="tests.integration.test_v6_exp4_1_competition.TestAuthorityBoundaryExp41" name="test_competition_does_not_touch_runtime" time="0.028" /><testcase classname="tests.integration.test_v6_exp1_foundation.TestV6Metrics" name="test_performance_per_compute" time="0.003" /><testcase classname="tests.integration.test_v6_exp1_foundation.TestV6Metrics" name="test_ood_generalization" time="0.001" /><testcase classname="tests.integration.test_v6_exp1_foundation.TestV6Metrics" name="test_mutation_count" time="0.000" /><testcase classname="tests.integration.test_final_release_gate.TestEngineeringQualification" name="test_full_suite_count_meets_threshold" time="0.003" /><testcase classname="tests.integration.test_v6_exp1_foundation.TestV6Metrics" name="test_topology_complexity" time="0.000" /><testcase classname="tests.integration.test_v6_exp1_foundation.TestV6Metrics" name="test_failure_rate" time="0.000" /><testcase classname="tests.integration.test_v6_exp1_foundation.TestV6Metrics" name="test_calibration_perfect" time="0.000" /><testcase classname="tests.integration.test_v6_exp1_foundation.TestV6Metrics" name="test_calibration_no_correlation" time="0.000" /><testcase classname="tests.integration.test_v6_exp1_foundation.TestV6Metrics" name="test_aggregate_metrics" time="0.000" /><testcase classname="tests.integration.test_v6_exp1_foundation.TestAuthorityBoundaryPreservation" name="test_transition_recorder_does_not_touch_wal" time="0.077" /><testcase classname="tests.integration.test_final_release_gate.TestFinalReleaseGate" name="test_complete_canonical_cycle" time="0.029" /><testcase classname="tests.integration.test_canonical_hash.TestCanonicalHash" name="test_canonical_hash_distinguishes_absent_from_empty" time="0.021" /><testcase classname="tests.integration.test_learning_integrity.TestRealizedDelta" name="test_reward_is_realized_delta" time="0.032" /><testcase classname="tests.integration.test_shared_apply_path.TestSharedApplyPath" name="test_shared_apply_path_produces_correct_graph" time="0.018" /><testcase classname="tests.integration.test_v6_exp4_2_heldout_study.TestStrictCompatibility" name="test_strict_rejects_missing_encoder_hash" time="0.001" /><testcase classname="tests.integration.test_v6_exp4_2_heldout_study.TestStrictCompatibility" name="test_strict_rejects_missing_dataset_hash" time="0.001" /><testcase classname="tests.integration.test_v6_exp4_2_heldout_study.TestStrictCompatibility" name="test_strict_rejects_missing_train_hash" time="0.000" /><testcase classname="tests.integration.test_v6_exp4_2_heldout_study.TestStrictCompatibility" name="test_strict_rejects_missing_normalization_hash" time="0.000" /><testcase classname="tests.integration.test_v6_exp4_2_heldout_study.TestStrictCompatibility" name="test_strict_rejects_missing_feature_hash" time="0.000" /><testcase classname="tests.integration.test_v6_exp4_2_heldout_study.TestStrictCompatibility" name="test_strict_rejects_missing_target_hash" time="0.000" /><testcase classname="tests.integration.test_v6_exp4_2_heldout_study.TestStrictCompatibility" name="test_strict_accepts_exact_identity" time="0.000" /><testcase classname="tests.integration.test_v6_exp4_2_heldout_study.TestStrictCompatibility" name="test_strict_rejects_mismatched_encoder_hash" time="0.000" /><testcase classname="tests.integration.test_v6_exp4_2_heldout_study.TestStrictCompatibility" name="test_strict_rejects_empty_query_side" time="0.000" /><testcase classname="tests.integration.test_v6_exp4_2_heldout_study.TestStrictCompatibility" name="test_non_strict_allows_wildcards" time="0.000" /><testcase classname="tests.integration.test_v6_exp4_2_heldout_study.TestStrictCompatibility" name="test_verify_compatibility_strict_raises_on_missing" time="0.000" /><testcase classname="tests.integration.test_v6_exp4_2_heldout_study.TestStrictCompatibility" name="test_verify_compatibility_strict_passes_exact" time="0.000" /><testcase classname="tests.integration.test_v6_exp4_2_heldout_study.TestLegacyCompatibility" name="test_predicted_reward_emits_deprecation_warning" time="0.000" /><testcase classname="tests.integration.test_v6_exp4_2_heldout_study.TestLegacyCompatibility" name="test_legacy_adapter_provides_predicted_reward" time="0.001" /><testcase classname="tests.integration.test_v6_exp4_2_heldout_study.TestLegacyCompatibility" name="test_legacy_adapter_passes_through_risk" time="0.000" /><testcase classname="tests.integration.test_shared_apply_path.TestSharedApplyPath" name="test_shared_apply_path_produces_correct_fiber" time="0.031" /><testcase classname="tests.integration.test_capability_gating.TestCapabilityGating" name="test_evaluate_and_maybe_commit_without_capability_fails" time="0.023" /><testcase classname="tests.integration.test_v6_exp4_2_heldout_study.TestLegacyCompatibility" name="test_legacy_adapter_to_log_excludes_reward" time="0.001" /><testcase classname="tests.integration.test_v6_exp4_2_heldout_study.TestLegacyCompatibility" name="test_no_new_code_uses_predicted_reward" time="0.000" /><testcase classname="tests.integration.test_v6_exp4_2_heldout_study.TestExperimentStateMachine" name="test_initial_state_is_preparation" time="0.001" /><testcase classname="tests.integration.test_final_release_gate.TestFinalReleaseGate" name="test_joint_transaction_changes_all_three_domains" time="0.013" /><testcase classname="tests.integration.test_v6_exp4_2_heldout_study.TestExperimentStateMachine" name="test_forward_transition_allowed" time="0.000" /><testcase classname="tests.integration.test_v6_exp4_2_heldout_study.TestExperimentStateMachine" name="test_backward_transition_forbidden" time="0.003" /><testcase classname="tests.integration.test_v6_exp4_2_heldout_study.TestExperimentStateMachine" name="test_heldout_requires_model_locked" time="0.000" /><testcase classname="tests.integration.test_v6_exp4_2_heldout_study.TestExperimentStateMachine" name="test_heldout_requires_locked_config" time="0.000" /><testcase classname="tests.integration.test_v6_exp4_2_heldout_study.TestExperimentStateMachine" name="test_lock_finalists_sets_hash" time="0.000" /><testcase classname="tests.integration.test_v6_exp4_2_heldout_study.TestParetoFrontier" name="test_pareto_identifies_optimal" time="0.000" /><testcase classname="tests.integration.test_learning_integrity.TestRealizedDelta" name="test_realized_delta_zero_on_no_commit" time="0.045" /><testcase classname="tests.integration.test_v6_exp4_2_heldout_study.TestParetoFrontier" name="test_pareto_dominates" time="0.000" /><testcase classname="tests.integration.test_v6_exp4_2_heldout_study.TestParetoFrontier" name="test_efficiency_computed" time="0.000" /><testcase classname="tests.integration.test_v6_exp4_2_heldout_study.TestParetoFrontier" name="test_empty_frontier" time="0.000" /><testcase classname="tests.integration.test_v6_exp4_2_heldout_study.TestBootstrapCI" name="test_bootstrap_ci_returns_interval" time="0.003" /><testcase classname="tests.integration.test_v6_exp4_2_heldout_study.TestBootstrapCI" name="test_bootstrap_ci_empty" time="0.001" /><testcase classname="tests.integration.test_final_release_gate.TestFinalReleaseGate" name="test_recovery_produces_exactly_pre_or_post_state" time="0.023" /><testcase classname="tests.integration.test_v6_exp4_2_heldout_study.TestBootstrapCI" name="test_bootstrap_ci_deterministic" time="0.007" /><testcase classname="tests.integration.test_capability_gating.TestCapabilityGating" name="test_evaluate_and_maybe_commit_with_wrong_capability_fails" time="0.018" /><testcase classname="tests.integration.test_v6_exp4_2_heldout_study.TestBootstrapCI" name="test_bootstrap_ci_different_seeds_differ" time="0.003" /><testcase classname="tests.integration.test_v6_exp4_2_heldout_study.TestUncertaintyCorrelation" name="test_positive_correlation" time="0.001" /><testcase classname="tests.integration.test_shared_apply_path.TestSharedApplyPath" name="test_shared_apply_path_produces_correct_gauge" time="0.024" /><testcase classname="tests.integration.test_v6_exp4_2_heldout_study.TestUncertaintyCorrelation" name="test_zero_correlation" time="0.001" /><testcase classname="tests.integration.test_v6_exp4_2_heldout_study.TestUncertaintyCorrelation" name="test_negative_correlation" time="0.001" /><testcase classname="tests.integration.test_v6_exp4_2_heldout_study.TestUncertaintyCorrelation" name="test_empty_input" time="0.000" /><testcase classname="tests.integration.test_adversarial_authority.TestFrozenViewBypass" name="test_frozen_graph_view_weight_is_clone" time="0.006" /><testcase classname="tests.integration.test_v6_exp4_2_heldout_study.TestUncertaintyCorrelation" name="test_with_regrets" time="0.007" /><testcase classname="tests.integration.test_golden_multi_domain.TestGoldenMultiDomainTransaction" name="test_golden_normal_completion" time="4.419" /><testcase classname="tests.integration.test_adversarial_authority.TestFrozenViewBypass" name="test_frozen_graph_view_src_is_clone" time="0.007" /><testcase classname="tests.integration.test_capability_gating.TestCapabilityGating" name="test_evaluate_fiber_action_without_capability_fails" time="0.055" /><testcase classname="tests.integration.test_v6_exp4_2_heldout_study.TestCFRealExperiment" name="test_run_cf_real_three_regimes" time="0.035" /><testcase classname="tests.integration.test_adversarial_authority.TestFrozenViewBypass" name="test_frozen_graph_view_cannot_set_attributes" time="0.009" /><testcase classname="tests.integration.test_v6_exp1_foundation.TestAuthorityBoundaryPreservation" name="test_baselines_do_not_use_commit_channel" time="0.124" /><testcase classname="tests.integration.test_learning_integrity.TestCalibrationIntegrity" name="test_calibration_updated_on_commit" time="0.057" /><testcase classname="tests.integration.test_state_bundle_commit.TestStateBundleCommit" name="test_commit_produces_consistent_state" time="0.012" /><testcase classname="tests.integration.test_adversarial_authority.TestFrozenViewBypass" name="test_repeated_access_returns_same_clone" time="0.024" /><testcase classname="tests.integration.test_state_bundle_commit.TestStateBundleCommit" name="test_commit_version_increments" time="0.007" /><testcase classname="tests.integration.test_state_bundle_commit.TestStateBundleCommit" name="test_authority_changes_once_per_commit" time="0.016" /><testcase classname="tests.integration.test_v6_exp4_2_heldout_study.TestCFRealExperiment" name="test_cf_real_gap_computed" time="0.048" /><testcase classname="tests.integration.test_adversarial_authority.TestFrozenViewBypass" name="test_state_hash_unchanged_after_all_attacks" time="0.019" /><testcase classname="tests.integration.test_state_bundle_commit.TestStateBundleCommit" name="test_failed_commit_preserves_state" time="0.017" /><testcase classname="tests.integration.test_capability_gating.TestCapabilityGating" name="test_engine_facade_blocks_evaluate_and_maybe_commit" time="0.010" /><testcase classname="tests.integration.test_authority_escape_closure.TestEngineFacadeNoRawEngineEscape" name="test_facade_engine_attribute_blocked" time="0.006" /><testcase classname="tests.integration.test_capability_gating.TestCapabilityGating" name="test_engine_facade_blocks_evaluate_fiber_action" time="0.007" /><testcase classname="tests.integration.test_state_bundle_commit.TestStateBundleCommit" name="test_commit_with_gauge_dim_nonzero" time="0.015" /><testcase classname="tests.integration.test_authority_escape_closure.TestEngineFacadeNoRawEngineEscape" name="test_facade_engine_not_in_dict" time="0.009" /><testcase classname="tests.integration.test_learning_integrity.TestCalibrationIntegrity" name="test_calibration_not_updated_on_no_commit" time="0.035" /><testcase classname="tests.integration.test_capability_gating.TestCapabilityGating" name="test_engine_facade_blocks_evaluate_gauge_action" time="0.010" /><testcase classname="tests.integration.test_authority_escape_closure.TestEngineFacadeNoRawEngineEscape" name="test_public_facade_cannot_change_state_hash" time="0.014" /><testcase classname="tests.integration.test_state_bundle_commit.TestStateBundleCommit" name="test_multiple_commits_produce_increasing_versions" time="0.011" /><testcase classname="tests.integration.test_capability_gating.TestCapabilityGating" name="test_engine_facade_blocks_resolve_quarantine" time="0.006" /><testcase classname="tests.integration.test_capability_gating.TestCapabilityGating" name="test_engine_facade_blocks_graph_assignment" time="0.009" /><testcase classname="tests.integration.test_authority_escape_closure.TestEngineFacadeNoRawEngineEscape" name="test_facade_setattr_blocked" time="0.008" /><testcase classname="tests.integration.test_true_shadow_evaluation.TestFiberEvaluationNeverMutatesAuthority" name="test_fiber_evaluation_never_changes_authority_hash" time="0.020" /><testcase classname="tests.integration.test_authority_escape_closure.TestEngineFacadeNoRawEngineEscape" name="test_facade_delattr_blocked" time="0.005" /><testcase classname="tests.integration.test_capability_gating.TestCapabilityGating" name="test_engine_facade_blocks_fiber_assignment" time="0.006" /><testcase classname="tests.integration.test_v6_exp4_2_heldout_study.TestCFRealExperiment" name="test_cf_real_empty_realized" time="0.008" /><testcase classname="tests.integration.test_capability_gating.TestCapabilityGating" name="test_capability_token_cannot_be_forged" time="0.005" /><testcase classname="tests.integration.test_learning_integrity.TestHierarchicalCredit" name="test_credit_has_hierarchical_fields" time="0.035" /><testcase classname="tests.integration.test_authority_escape_closure.TestGuardNoRawEngineEscape" name="test_guard_engine_attribute_blocked" time="0.006" /><testcase classname="tests.integration.test_v6_exp4_2_heldout_study.TestExperimentConfig" name="test_default_config_has_encoders" time="0.005" /><testcase classname="tests.integration.test_authority_escape_closure.TestGuardNoRawEngineEscape" name="test_guard_setattr_blocked" time="0.005" /><testcase classname="tests.integration.test_capability_gating.TestCapabilityGating" name="test_capability_token_is_immutable" time="0.000" /><testcase classname="tests.integration.test_capability_gating.TestCapabilityGating" name="test_runtime_has_capability" time="0.007" /><testcase classname="tests.integration.test_true_shadow_evaluation.TestFiberEvaluationNeverMutatesAuthority" name="test_fiber_evaluation_never_changes_fiber_hash" time="0.022" /><testcase classname="tests.integration.test_v6_exp4_2_heldout_study.TestExperimentConfig" name="test_selection_weights_compute_score" time="0.001" /><testcase classname="tests.integration.test_authority_escape_closure.TestGuardNoRawEngineEscape" name="test_guard_delattr_blocked" time="0.010" /><testcase classname="tests.integration.test_v6_exp4_2_heldout_study.TestExperimentConfig" name="test_finalist_lock_has_hash" time="0.001" /><testcase classname="tests.integration.test_capability_gating.TestCapabilityGating" name="test_commit_channel_has_capability" time="0.008" /><testcase classname="tests.integration.test_v6_exp4_2_heldout_study.TestExperimentConfig" name="test_finalist_lock_deterministic_hash" time="0.000" /><testcase classname="tests.integration.test_v6_exp4_2_heldout_study.TestExperimentConfig" name="test_finalist_lock_save" time="0.003" /><testcase classname="tests.integration.test_v6_exp4_2_heldout_study.TestScientificConclusion" name="test_qualified_simple_status" time="0.000" /><testcase classname="tests.integration.test_v6_exp4_2_heldout_study.TestScientificConclusion" name="test_qualified_graph_native_status" time="0.000" /><testcase classname="tests.integration.test_v6_exp4_2_heldout_study.TestScientificConclusion" name="test_failed_generalization_blocks_exp5" time="0.000" /><testcase classname="tests.integration.test_v6_exp4_2_heldout_study.TestScientificConclusion" name="test_failed_cf_real_blocks_exp5" time="0.000" /><testcase classname="tests.integration.test_authority_escape_closure.TestReflectionAttack" name="test_reflection_attack_on_facade" time="0.011" /><testcase classname="tests.integration.test_v6_exp4_2_heldout_study.TestScientificConclusion" name="test_inconclusive_blocks_exp5" time="0.001" /><testcase classname="tests.integration.test_v6_exp4_2_heldout_study.TestScientificConclusion" name="test_conclusion_to_json" time="0.001" /><testcase classname="tests.integration.test_v6_exp4_2_heldout_study.TestReportGeneration" name="test_generate_report_creates_files" time="0.002" /><testcase classname="tests.integration.test_causal_relevance.TestMPCCausalRelevance" name="test_mpc_horizon_1_selects_myopic_optimum" time="0.002" /><testcase classname="tests.integration.test_causal_relevance.TestMPCCausalRelevance" name="test_mpc_horizon_2_selects_long_horizon_optimum" time="0.000" /><testcase classname="tests.integration.test_causal_relevance.TestMPCCausalRelevance" name="test_mpc_causally_changes_decision" time="0.000" /><testcase classname="tests.integration.test_causal_relevance.TestInformationGainCausalRelevance" name="test_ig_zero_selects_higher_utility" time="0.000" /><testcase classname="tests.integration.test_causal_relevance.TestInformationGainCausalRelevance" name="test_ig_positive_selects_higher_ig" time="0.000" /><testcase classname="tests.integration.test_causal_relevance.TestInformationGainCausalRelevance" name="test_ig_causally_changes_selection" time="0.000" /><testcase classname="tests.integration.test_causal_relevance.TestInformationGainCausalRelevance" name="test_ig_bonus_formula" time="0.000" /><testcase classname="tests.integration.test_v6_exp2_dataset.TestTransitionRecordSchema" name="test_record_has_all_required_fields" time="0.002" /><testcase classname="tests.integration.test_v6_exp4_2_heldout_study.TestReportGeneration" name="test_machine_readable_conclusion" time="0.000" /><testcase classname="tests.integration.test_v6_exp4_2_heldout_study.TestReportGeneration" name="test_competition_table_has_header" time="0.003" /><testcase classname="tests.integration.test_concurrency_cas.TestConcurrencyCAS" name="test_stale_version_rejected" time="0.012" /><testcase classname="tests.integration.test_v6_exp2_dataset.TestTransitionRecordSchema" name="test_record_serialization" time="0.001" /><testcase classname="tests.integration.test_v6_exp2_dataset.TestTransitionRecordSchema" name="test_make_record_id_is_deterministic" time="0.000" /><testcase classname="tests.integration.test_v6_exp2_dataset.TestTransitionRecordSchema" name="test_make_record_id_differs_for_provenance" time="0.000" /><testcase classname="tests.integration.test_v6_exp2_dataset.TestTransitionRecordSchema" name="test_make_record_id_differs_for_candidate" time="0.000" /><testcase classname="tests.integration.test_v6_exp2_dataset.TestProvenanceSeparation" name="test_realized_provenance" time="0.000" /><testcase classname="tests.integration.test_v6_exp2_dataset.TestProvenanceSeparation" name="test_counterfactual_provenance" time="0.000" /><testcase classname="tests.integration.test_v6_exp2_dataset.TestProvenanceSeparation" name="test_shadow_provenance" time="0.000" /><testcase classname="tests.integration.test_v6_exp2_dataset.TestProvenanceSeparation" name="test_provenance_enum_values" time="0.001" /><testcase classname="tests.integration.test_true_shadow_evaluation.TestFiberEvaluationNeverMutatesAuthority" name="test_multiple_fiber_evaluations_dont_change_state" time="0.073" /><testcase classname="tests.integration.test_v6_exp4_2_heldout_study.TestAuthorityIsolation" name="test_scientific_runner_does_not_mutate_runtime" time="0.011" /><testcase classname="tests.integration.test_authority_escape_closure.TestReflectionAttack" name="test_reflection_attack_on_guard" time="0.006" /><testcase classname="tests.integration.test_learning_integrity.TestHierarchicalCredit" name="test_credit_not_flat_on_commit" time="0.036" /><testcase classname="tests.integration.test_concurrency_cas.TestConcurrencyCAS" name="test_stale_hash_rejected" time="0.010" /><testcase classname="tests.integration.test_v6_exp4_2_heldout_study.TestScientificRunnerIntegration" name="test_runner_cannot_open_heldout_without_locking" time="0.002" /><testcase classname="tests.integration.test_v6_exp4_2_heldout_study.TestScientificRunnerIntegration" name="test_runner_conclusion_requires_finalized_state" time="0.002" /><testcase classname="tests.integration.test_v6_exp4_2_heldout_study.TestAuthorityIsolation" name="test_experiment_state_machine_cannot_commit" time="0.000" /><testcase classname="tests.integration.test_v6_exp4_2_heldout_study.TestAuthorityIsolation" name="test_cf_real_experiment_cannot_commit" time="0.000" /><testcase classname="tests.integration.test_v6_exp4_2_heldout_study.TestScientificRunnerIntegration" name="test_runner_state_machine_lifecycle" time="0.003" /><testcase classname="tests.integration.test_authority_escape_closure.TestReflectionAttack" name="test_normal_access_does_not_reach_mutation_api" time="0.005" /><testcase classname="tests.integration.test_v6_exp4_2_heldout_study.TestExperimentFreeze" name="test_freeze_document_exists" time="0.001" /><testcase classname="tests.integration.test_authorization_binding.TestMandatoryAuthorizationBinding" name="test_none_authorization_id_rejected" time="0.014" /><testcase classname="tests.integration.test_v6_exp4_models.TestTreeModel" name="test_tree_fit_predict" time="0.163" /><testcase classname="tests.integration.test_v6_exp4_2_heldout_study.TestExperimentFreeze" name="test_freeze_document_has_experiment_id" time="0.001" /><testcase classname="tests.integration.test_v6_exp4_2_heldout_study.TestExperimentFreeze" name="test_freeze_document_has_qualification" time="0.000" /><testcase classname="tests.integration.test_v6_exp4_models.TestProtocol" name="test_prediction_creation" time="0.002" /><testcase classname="tests.integration.test_concurrency_cas.TestConcurrencyCAS" name="test_concurrent_commits_only_one_succeeds" time="0.009" /><testcase classname="tests.integration.test_v6_exp4_models.TestProtocol" name="test_prediction_with_interval" time="0.002" /><testcase classname="tests.integration.test_v6_exp4_models.TestProtocol" name="test_prediction_to_log" time="0.001" /><testcase classname="tests.integration.test_v6_exp4_models.TestProtocol" name="test_classification_prediction" time="0.001" /><testcase classname="tests.integration.test_v6_exp4_models.TestProtocol" name="test_ranking_prediction" time="0.000" /><testcase classname="tests.integration.test_v6_exp4_models.TestProtocol" name="test_config_hash_deterministic" time="0.000" /><testcase classname="tests.integration.test_v6_exp4_models.TestProtocol" name="test_config_hash_differs" time="0.000" /><testcase classname="tests.integration.test_v6_exp4_models.TestTargets" name="test_compute_sign_delta" time="0.000" /><testcase classname="tests.integration.test_v6_exp4_models.TestTargets" name="test_compute_normalized_delta" time="0.000" /><testcase classname="tests.integration.test_v6_exp4_models.TestTargets" name="test_compute_normalized_delta_zero_utility" time="0.000" /><testcase classname="tests.integration.test_v6_exp4_models.TestTargets" name="test_compute_utility_bucket" time="0.000" /><testcase classname="tests.integration.test_v6_exp4_models.TestTargets" name="test_compute_candidate_ranks" time="0.000" /><testcase classname="tests.integration.test_v6_exp4_models.TestTargets" name="test_compute_pairwise_labels" time="0.000" /><testcase classname="tests.integration.test_v6_exp4_models.TestTargets" name="test_aggregate_risk" time="0.000" /><testcase classname="tests.integration.test_authorization_binding.TestMandatoryAuthorizationBinding" name="test_wrong_transaction_hash_rejected" time="0.010" /><testcase classname="tests.integration.test_concurrency_cas.TestConcurrencyCAS" name="test_cas_atomic_state_transition" time="0.016" /><testcase classname="tests.integration.test_v6_exp4_models.TestTargets" name="test_aggregate_cost" time="0.001" /><testcase classname="tests.integration.test_v6_exp4_models.TestTargets" name="test_target_set" time="0.001" /><testcase classname="tests.integration.test_v6_exp4_models.TestBaselines" name="test_global_mean_fit_predict" time="0.001" /><testcase classname="tests.integration.test_v6_exp4_models.TestBaselines" name="test_global_mean_freeze" time="0.000" /><testcase classname="tests.integration.test_v6_exp4_models.TestBaselines" name="test_global_mean_rejects_heldout" time="0.000" /><testcase classname="tests.integration.test_v6_exp4_models.TestBaselines" name="test_global_mean_rejects_refit_after_freeze" time="0.000" /><testcase classname="tests.integration.test_v6_exp4_models.TestBaselines" name="test_mutation_type_mean_fit_predict" time="0.001" /><testcase classname="tests.integration.test_v6_exp4_models.TestBaselines" name="test_nearest_experience_fit_predict" time="0.000" /><testcase classname="tests.integration.test_v6_exp4_models.TestLinearModels" name="test_linear_fit_predict" time="0.001" /><testcase classname="tests.integration.test_authorization_binding.TestMandatoryAuthorizationBinding" name="test_correct_binding_accepted" time="0.008" /><testcase classname="tests.integration.test_learning_integrity.TestHierarchicalCredit" name="test_credit_sums_to_outcome" time="0.031" /><testcase classname="tests.integration.test_v6_exp4_models.TestLinearModels" name="test_linear_deterministic" time="0.001" /><testcase classname="tests.integration.test_v6_exp4_models.TestLinearModels" name="test_linear_rejects_heldout" time="0.000" /><testcase classname="tests.integration.test_v6_exp4_models.TestLinearModels" name="test_linear_freeze" time="0.002" /><testcase classname="tests.integration.test_v6_exp4_models.TestLinearModels" name="test_ridge_fit_predict" time="0.002" /><testcase classname="tests.integration.test_concurrency_cas.TestConcurrencyCAS" name="test_cas_hash_changes" time="0.007" /><testcase classname="tests.integration.test_authorization_binding.TestMandatoryAuthorizationBinding" name="test_authorization_cannot_be_reused" time="0.010" /><testcase classname="tests.integration.test_v6_exp4_models.TestLinearModels" name="test_logistic_fit_predict" time="0.002" /><testcase classname="tests.integration.test_v6_exp5_world_model.TestJointWorldModel" name="test_serialization_roundtrip" time="0.004" /><testcase classname="tests.integration.test_concurrency_cas.TestConcurrencyCAS" name="test_failed_cas_preserves_state" time="0.006" /><testcase classname="tests.integration.test_v6_exp5_world_model.TestJointWorldModel" name="test_n_parameters" time="0.000" /><testcase classname="tests.integration.test_v6_exp5_world_model.TestJointWorldModel" name="test_hyperparameters" time="0.000" /><testcase classname="tests.integration.test_authorization_binding.TestExceptionAtomicity" name="test_rollback_on_exception" time="0.017" /><testcase classname="tests.integration.test_concurrency_cas.TestConcurrencyCAS" name="test_sequential_commits_each_succeed" time="0.026" /><testcase classname="tests.integration.test_v6_exp5_world_model.TestJointWorldModel" name="test_probability_positive" time="0.009" /><testcase classname="tests.integration.test_v6_exp3_encoders.TestAuthorityBoundaryExp3" name="test_encoders_are_advisory_only" time="0.033" /><testcase classname="tests.integration.test_v6_exp5_world_model.TestJointWorldModel" name="test_mlp_dynamics_variant" time="0.003" /><testcase classname="tests.integration.test_mandatory_authorization_binding.TestMandatoryAuthorizationBinding" name="test_authorized_result_without_transaction_hash_rejected" time="0.009" /><testcase classname="tests.integration.test_true_shadow_evaluation.TestFiberEvaluationNeverMutatesAuthority" name="test_shadow_state_has_no_tensor_aliases" time="0.025" /><testcase classname="tests.integration.test_v6_exp5_world_model.TestTrainingPipeline" name="test_train_world_model" time="0.003" /><testcase classname="tests.integration.test_authorization_binding.TestCompareAndSwap" name="test_stale_version_rejected" time="0.014" /><testcase classname="tests.integration.test_v6_exp5_world_model.TestTrainingPipeline" name="test_train_only_on_train_split" time="0.002" /><testcase classname="tests.integration.test_v6_exp5_world_model.TestTrainingPipeline" name="test_train_with_no_records" time="0.001" /><testcase classname="tests.integration.test_mandatory_authorization_binding.TestMandatoryAuthorizationBinding" name="test_authorization_for_t1_cannot_commit_t2" time="0.007" /><testcase classname="tests.integration.test_v6_exp5_world_model.TestTrainingPipeline" name="test_train_metrics_include_dynamics" time="0.001" /><testcase classname="tests.integration.test_v6_exp5_world_model.TestTrainingPipeline" name="test_train_metrics_include_outcomes" time="0.001" /><testcase classname="tests.integration.test_v6_exp5_world_model.TestTrainingPipeline" name="test_extract_training_data_filters_split" time="0.001" /><testcase classname="tests.integration.test_v6_exp5_world_model.TestTrainingPipeline" name="test_extract_training_data_handles_none_state_after" time="0.001" /><testcase classname="tests.integration.test_crash_matrix.TestCrashMatrix" name="test_crash_before_begin" time="3.633" /><testcase classname="tests.integration.test_v6_exp5_world_model.TestEvaluation" name="test_evaluate_world_model" time="0.020" /><testcase classname="tests.integration.test_mandatory_authorization_binding.TestMandatoryAuthorizationBinding" name="test_modified_transaction_after_authorization_rejected" time="0.029" /><testcase classname="tests.integration.test_authorization_binding.TestCompareAndSwap" name="test_stale_hash_rejected" time="0.017" /><testcase classname="tests.integration.test_true_shadow_evaluation.TestGaugeEvaluationNeverMutatesAuthority" name="test_gauge_evaluation_never_changes_authority_hash" time="0.024" /><testcase classname="tests.integration.test_v6_exp3_encoders.TestSerialization" name="test_representation_to_log" time="0.000" /><testcase classname="tests.integration.test_v6_exp3_encoders.TestSerialization" name="test_normalization_to_log" time="0.000" /><testcase classname="tests.integration.test_v6_exp3_encoders.TestSerialization" name="test_provenance_to_log" time="0.001" /><testcase classname="tests.integration.test_v6_exp3_encoders.TestDatasetBinding" name="test_provenance_with_dataset_hash" time="0.000" /><testcase classname="tests.integration.test_v6_exp3_encoders.TestDatasetBinding" name="test_provenance_hash_differs_for_different_datasets" time="0.001" /><testcase classname="tests.integration.test_v6_exp4_1_competition.TestModelStateSerialization" name="test_linear_state_roundtrip" time="0.003" /><testcase classname="tests.integration.test_v6_exp4_1_competition.TestModelStateSerialization" name="test_ridge_state_roundtrip" time="0.001" /><testcase classname="tests.integration.test_benchmark_taxonomy.TestBenchmarkTaxonomy" name="test_real_graph_spec_has_is_real_data_flag" time="0.000" /><testcase classname="tests.integration.test_benchmark_taxonomy.TestBenchmarkTaxonomy" name="test_synthetic_fallback_is_marked_not_real" time="0.000" /><testcase classname="tests.integration.test_benchmark_taxonomy.TestBenchmarkTaxonomy" name="test_real_graph_benchmark_enum_exists" time="0.000" /><testcase classname="tests.integration.test_benchmark_taxonomy.TestBenchmarkTaxonomy" name="test_load_benchmark_returns_spec" time="0.001" /><testcase classname="tests.integration.test_v6_exp4_1_competition.TestModelStateSerialization" name="test_tree_state_roundtrip" time="0.101" /><testcase classname="tests.integration.test_v6_exp5_world_model.TestEvaluation" name="test_rollout_evaluation" time="0.002" /><testcase classname="tests.integration.test_v6_exp5_world_model.TestEvaluation" name="test_rollout_error_grows_with_horizon" time="0.006" /><testcase classname="tests.integration.test_benchmark_taxonomy.TestBenchmarkTaxonomy" name="test_list_benchmarks_returns_specs" time="0.001" /><testcase classname="tests.integration.test_canonical_golden_scenario.TestGoldenScenarioInProcess" name="test_golden_scenario_runs" time="0.072" /><testcase classname="tests.integration.test_v6_exp5_world_model.TestEvaluation" name="test_evaluation_empty_heldout" time="0.002" /><testcase classname="tests.integration.test_mandatory_authorization_binding.TestMandatoryAuthorizationBinding" name="test_reused_authorization_rejected" time="0.016" /><testcase classname="tests.integration.test_v6_exp5_world_model.TestWorldModelInterface" name="test_lightweight_world_model_is_world_model_interface" time="0.000" /><testcase classname="tests.integration.test_v6_exp5_world_model.TestWorldModelInterface" name="test_predict_next_state" time="0.001" /><testcase classname="tests.integration.test_v6_exp5_world_model.TestWorldModelInterface" name="test_rollout" time="0.001" /><testcase classname="tests.integration.test_v6_exp5_world_model.TestWorldModelInterface" name="test_update_is_noop" time="0.000" /><testcase classname="tests.integration.test_v6_exp5_world_model.TestWorldModelInterface" name="test_trust_report" time="0.000" /><testcase classname="tests.integration.test_v6_exp5_world_model.TestWorldModelInterface" name="test_name" time="0.000" /><testcase classname="tests.integration.test_v6_exp5_world_model.TestWorldModelInterface" name="test_set_trust_report" time="0.000" /><testcase classname="tests.integration.test_v6_exp5_world_model.TestAuthorityBoundary" name="test_world_model_does_not_mutate_runtime" time="0.009" /><testcase classname="tests.integration.test_true_shadow_evaluation.TestGaugeEvaluationNeverMutatesAuthority" name="test_gauge_evaluation_never_changes_gauge_hash" time="0.042" /><testcase classname="tests.integration.test_v6_exp5_world_model.TestAuthorityBoundary" name="test_dynamics_model_has_no_commit_access" time="0.000" /><testcase classname="tests.integration.test_v6_exp5_world_model.TestAuthorityBoundary" name="test_joint_model_has_no_commit_access" time="0.000" /><testcase classname="tests.integration.test_v6_exp5_world_model.TestAuthorityBoundary" name="test_world_model_impl_has_no_commit_access" time="0.000" /><testcase classname="tests.integration.test_v6_exp5_world_model.TestAuthorityBoundary" name="test_training_function_has_no_runtime_param" time="0.000" /><testcase classname="tests.integration.test_v6_exp5_world_model.TestDeterminism" name="test_linear_dynamics_same_seed_same_result" time="0.001" /><testcase classname="tests.integration.test_mandatory_authorization_binding.TestMandatoryAuthorizationBinding" name="test_canonical_authorize_populates_transaction_hash" time="0.031" /><testcase classname="tests.integration.test_v6_exp5_world_model.TestDeterminism" name="test_mlp_dynamics_same_seed_same_result" time="0.001" /><testcase classname="tests.integration.test_v6_exp5_world_model.TestDeterminism" name="test_training_same_config_same_model" time="0.001" /><testcase classname="tests.integration.test_v6_exp5_world_model.TestDegenerateCases" name="test_constant_targets" time="0.001" /><testcase classname="tests.integration.test_v6_exp5_world_model.TestDegenerateCases" name="test_single_record" time="0.000" /><testcase classname="tests.integration.test_v6_exp5_world_model.TestDegenerateCases" name="test_no_state_after" time="0.000" /><testcase classname="tests.integration.test_v6_exp5_world_model.TestDegenerateCases" name="test_nonfinite_inputs" time="0.000" /><testcase classname="tests.integration.test_v6_exp5_world_model.TestDegenerateCases" name="test_zero_variance_state" time="0.001" /><testcase classname="tests.integration.test_wal_complete_transactions.TestWALCompleteTransactions" name="test_wal_has_tx_prepare_record" time="0.015" /><testcase classname="tests.integration.test_wal_complete_transactions.TestWALCompleteTransactions" name="test_recover_transaction_metadata" time="0.014" /><testcase classname="tests.integration.test_true_shadow_evaluation.TestGaugeEvaluationNeverMutatesAuthority" name="test_gauge_raw_generators_not_mutated" time="0.022" /><testcase classname="tests.integration.test_mpc_ig_causal_relevance.TestMPCCausalRelevance" name="test_mpc_plan_explores_multiple_steps" time="0.000" /><testcase classname="tests.integration.test_mpc_ig_causal_relevance.TestMPCCausalRelevance" name="test_mpc_plan_selects_higher_utility_actions" time="0.000" /><testcase classname="tests.integration.test_mpc_ig_causal_relevance.TestMPCCausalRelevance" name="test_mpc_longer_horizon_can_find_better_plans" time="0.000" /><testcase classname="tests.integration.test_mpc_ig_causal_relevance.TestMPCCausalRelevance" name="test_mpc_plan_is_deterministic" time="0.000" /><testcase classname="tests.integration.test_mpc_ig_causal_relevance.TestIGCausalRelevance" name="test_select_information_directed_picks_highest_score" time="0.000" /><testcase classname="tests.integration.test_mpc_ig_causal_relevance.TestIGCausalRelevance" name="test_select_information_directed_empty_returns_empty" time="0.000" /><testcase classname="tests.integration.test_mpc_ig_causal_relevance.TestIGCausalRelevance" name="test_ensemble_disagreement_ig_produces_estimates" time="0.001" /><testcase classname="tests.integration.test_mpc_ig_causal_relevance.TestIGCausalRelevance" name="test_ig_score_affects_selection" time="0.000" /><testcase classname="tests.integration.test_no_python_hash.TestNoPythonHashInDeterministicPaths" name="test_no_hash_in_transaction_module" time="0.003" /><testcase classname="tests.integration.test_wal_complete_transactions.TestWALCompleteTransactions" name="test_tx_prepare_includes_delta_info" time="0.012" /><testcase classname="tests.integration.test_no_python_hash.TestNoPythonHashInDeterministicPaths" name="test_no_hash_in_wal_module" time="0.008" /><testcase classname="tests.integration.test_v6_exp4_models.TestTreeModel" name="test_tree_deterministic" time="0.149" /><testcase classname="tests.integration.test_no_python_hash.TestNoPythonHashInDeterministicPaths" name="test_no_hash_in_authority_module" time="0.005" /><testcase classname="tests.integration.test_wal_complete_transactions.TestWALCompleteTransactions" name="test_tx_prepare_hash_chain_valid" time="0.018" /><testcase classname="tests.integration.test_canonical_golden_scenario.TestGoldenScenarioInProcess" name="test_golden_scenario_deterministic_repeated" time="0.414" /><testcase classname="tests.integration.test_true_shadow_evaluation.TestGaugeEvaluationNeverMutatesAuthority" name="test_multiple_gauge_evaluations_dont_change_state" time="0.110" /><testcase classname="tests.integration.test_no_python_hash.TestNoPythonHashInDeterministicPaths" name="test_no_hash_in_determinism_module" time="0.006" /><testcase classname="tests.integration.test_no_python_hash.TestNoPythonHashInDeterministicPaths" name="test_no_hash_in_canonical_runtime" time="0.012" /><testcase classname="tests.integration.test_wal_complete_transactions.TestWALCompleteTransactions" name="test_recover_transactions_includes_prepare_data" time="0.016" /><testcase classname="tests.integration.test_no_python_hash.TestNoPythonHashInDeterministicPaths" name="test_no_hash_in_state_modules" time="0.013" /><testcase classname="tests.integration.test_v6_exp4_1_competition.TestModelStateSerialization" name="test_mlp_state_roundtrip" time="0.069" /><testcase classname="tests.integration.test_no_python_hash.TestNoPythonHashInDeterministicPaths" name="test_no_hash_in_curriculum_module" time="0.006" /><testcase classname="tests.integration.test_wal_hash_chain.TestWALHashChain" name="test_wal_hash_chain_valid_after_commit" time="0.014" /><testcase classname="tests.integration.test_no_python_hash.TestNoPythonHashInDeterministicPaths" name="test_fiber_delta_raises_on_missing_state_hash" time="0.001" /><testcase classname="tests.integration.test_no_python_hash.TestNoPythonHashInDeterministicPaths" name="test_fiber_delta_works_with_state_hash" time="0.001" /><testcase classname="tests.integration.test_packaging_api_cli.TestVersionAndSchema" name="test_version_is_v511_dev" time="0.000" /><testcase classname="tests.integration.test_packaging_api_cli.TestVersionAndSchema" name="test_schema_version_is_v511" time="0.000" /><testcase classname="tests.integration.test_packaging_api_cli.TestVersionAndSchema" name="test_manifest_schema_is_v511" time="0.000" /><testcase classname="tests.integration.test_packaging_api_cli.TestVersionAndSchema" name="test_all_schema_constants_are_nonempty" time="0.000" /><testcase classname="tests.integration.test_packaging_api_cli.TestVersionAndSchema" name="test_pyproject_version_matches" time="0.002" /><testcase classname="tests.integration.test_wal_hash_chain.TestWALHashChain" name="test_wal_hash_chain_valid_after_multiple_commits" time="0.019" /><testcase classname="tests.integration.test_packaging_api_cli.TestPublicAPI" name="test_main_package_imports" time="0.001" /><testcase classname="tests.integration.test_packaging_api_cli.TestPublicAPI" name="test_runtime_imports" time="0.000" /><testcase classname="tests.integration.test_packaging_api_cli.TestPublicAPI" name="test_contract_imports" time="0.000" /><testcase classname="tests.integration.test_packaging_api_cli.TestPublicAPI" name="test_promotion_imports" time="0.001" /><testcase classname="tests.integration.test_packaging_api_cli.TestPublicAPI" name="test_transaction_imports" time="0.000" /><testcase classname="tests.integration.test_packaging_api_cli.TestCLI" name="test_cli_help" time="0.004" /><testcase classname="tests.integration.test_packaging_api_cli.TestCLI" name="test_cli_version" time="0.001" /><testcase classname="tests.test_hardening_regressions" name="test_bakry_p4_schur_oracle[2-0.2928932188134524]" time="0.007" /><testcase classname="tests.integration.test_wal_hash_chain.TestWALHashChain" name="test_wal_records_have_hash_fields" time="0.012" /><testcase classname="tests.test_hardening_regressions" name="test_bakry_p4_schur_oracle[3-1.0]" time="0.001" /><testcase classname="tests.test_hardening_regressions" name="test_bakry_k2_remains_two" time="0.000" /><testcase classname="tests.test_hardening_regressions" name="test_waf3_pressure_materially_changes_spawn_score" time="0.001" /><testcase classname="tests.test_hardening_regressions" name="test_default_governor_rejects_disconnection" time="0.004" /><testcase classname="tests.test_hardening_regressions" name="test_graph_rejects_invalid_active_weight" time="0.001" /><testcase classname="tests.test_hardening_regressions" name="test_mutation_inputs_fail_closed[mutation0]" time="0.000" /><testcase classname="tests.test_hardening_regressions" name="test_mutation_inputs_fail_closed[mutation1]" time="0.000" /><testcase classname="tests.test_hardening_regressions" name="test_mutation_inputs_fail_closed[mutation2]" time="0.000" /><testcase classname="tests.test_hardening_regressions" name="test_mutation_inputs_fail_closed[mutation3]" time="0.000" /><testcase classname="tests.integration.test_wal_hash_chain.TestWALHashChain" name="test_wal_internal_tamper_detected" time="0.019" /><testcase classname="tests.test_hardening_regressions" name="test_mutation_inputs_fail_closed[mutation4]" time="0.000" /><testcase classname="tests.test_hardening_regressions" name="test_duplicate_constructor_rejected" time="0.000" /><testcase classname="tests.test_hardening_regressions" name="test_roles_survive_graph_state_roundtrip" time="0.001" /><testcase classname="tests.test_hardening_regressions" name="test_sparse_metrics_match_dense_reference" time="0.002" /><testcase classname="tests.test_hardening_regressions" name="test_entropic_empty_two_hop_is_positive_infinity" time="0.000" /><testcase classname="tests.test_hardening_regressions" name="test_entropic_solver_failure_is_not_optimistic" time="0.001" /><testcase classname="tests.test_hardening_regressions" name="test_unweighted_reference_mode_is_explicit" time="0.000" /><testcase classname="tests.test_lly" name="test_two_exact_lly_paths_agree[g0]" time="0.025" /><testcase classname="tests.integration.test_v6_exp4_1_competition.TestModelStateSerialization" name="test_logistic_state_roundtrip" time="0.001" /><testcase classname="tests.integration.test_v6_exp4_1_competition.TestModelStateSerialization" name="test_global_mean_state_roundtrip" time="0.000" /><testcase classname="tests.integration.test_v6_exp4_1_competition.TestModelStateSerialization" name="test_nearest_experience_state_roundtrip" time="0.001" /><testcase classname="tests.integration.test_v6_exp4_1_competition.TestModelStateSerialization" name="test_artifact_contains_model_state" time="0.001" /><testcase classname="tests.integration.test_v6_exp4_1_competition.TestModelStateSerialization" name="test_artifact_state_hash_deterministic" time="0.004" /><testcase classname="tests.integration.test_wal_hash_chain.TestWALHashChain" name="test_wal_truncated_tail_policy" time="0.012" /><testcase classname="tests.integration.test_v6_exp4_1_competition.TestModelStateSerialization" name="test_artifact_state_hash_differs_for_different_state" time="0.001" /><testcase classname="tests.integration.test_v6_exp4_1_competition.TestHyperparameterHash" name="test_linear_hp_includes_lr_and_epochs" time="0.000" /><testcase classname="tests.integration.test_v6_exp4_1_competition.TestHyperparameterHash" name="test_ridge_hp_includes_alpha" time="0.000" /><testcase classname="tests.integration.test_v6_exp4_1_competition.TestHyperparameterHash" name="test_tree_hp_includes_n_estimators" time="0.000" /><testcase classname="tests.integration.test_v6_exp4_1_competition.TestHyperparameterHash" name="test_mlp_hp_includes_hidden_dim_and_ensemble" time="0.000" /><testcase classname="tests.integration.test_v6_exp4_1_competition.TestHyperparameterHash" name="test_different_hp_produces_different_hash" time="0.398" /><testcase classname="tests.integration.test_true_shadow_evaluation.TestJointEvaluationNeverMutatesAuthority" name="test_joint_evaluation_never_changes_authority_hash" time="0.037" /><testcase classname="tests.integration.test_wal_hash_chain.TestWALHashChain" name="test_wal_reopened_chain_continues" time="0.020" /><testcase classname="tests.test_lly" name="test_two_exact_lly_paths_agree[g1]" time="0.014" /><testcase classname="tests.test_lly" name="test_two_exact_lly_paths_agree[g2]" time="0.004" /><testcase classname="tests.integration.test_wal_redesign.TestWALCounterRestoration" name="test_lsn_restored_on_reopen" time="0.003" /><testcase classname="tests.test_lly" name="test_known_lly_values" time="0.003" /><testcase classname="tests.integration.test_wal_redesign.TestWALCounterRestoration" name="test_txn_id_restored_on_reopen" time="0.003" /><testcase classname="tests.test_lly" name="test_integral_lly_is_deficit_lower_is_better" time="0.000" /><testcase classname="tests.test_metric_measure" name="test_graph_buffers_has_length_field" time="0.000" /><testcase classname="tests.test_metric_measure" name="test_default_inverse_relationship" time="0.000" /><testcase classname="tests.test_metric_measure" name="test_explicit_length_affinity_4tuple" time="0.002" /><testcase classname="tests.integration.test_wal_redesign.TestWALCounterRestoration" name="test_no_txn_id_collision_on_reopen" time="0.004" /><testcase classname="tests.integration.test_v6_exp4_models.TestTreeModel" name="test_tree_rejects_heldout" time="0.000" /><testcase classname="tests.integration.test_v6_exp4_models.TestMLPModels" name="test_mlp_regressor_fit_predict" time="0.041" /><testcase classname="tests.test_metric_measure" name="test_length_affinity_independent" time="0.000" /><testcase classname="tests.test_metric_measure" name="test_state_hash_includes_length" time="0.000" /><testcase classname="tests.test_metric_measure" name="test_checkpoint_roundtrips_length" time="0.000" /><testcase classname="tests.test_metric_measure" name="test_clone_preserves_length" time="0.000" /><testcase classname="tests.test_metric_measure" name="test_active_length_method" time="0.000" /><testcase classname="tests.test_metric_measure" name="test_add_edge_sets_both_fields" time="0.000" /><testcase classname="tests.test_metric_measure" name="test_add_edge_default_length" time="0.000" /><testcase classname="tests.test_metric_measure" name="test_prune_edge_zeros_both" time="0.000" /><testcase classname="tests.integration.test_wal_redesign.TestWALCompleteSerialization" name="test_wal_records_graph_delta" time="0.024" /><testcase classname="tests.test_metric_measure" name="test_reweight_edge_updates_both" time="0.000" /><testcase classname="tests.test_metric_measure" name="test_ricci_flow_target_length" time="0.000" /><testcase classname="tests.test_metric_measure" name="test_ricci_flow_target_weight_coupled" time="0.000" /><testcase classname="tests.test_metric_measure" name="test_graphbuffers_to_networkx_has_both_attributes" time="0.000" /><testcase classname="tests.test_metric_measure" name="test_weighted_orc_ground_cost_from_length" time="0.003" /><testcase classname="tests.integration.test_true_shadow_evaluation.TestJointEvaluationNeverMutatesAuthority" name="test_canonical_evaluate_does_not_change_state" time="0.045" /><testcase classname="tests.test_metric_measure" name="test_weighted_orc_measures_from_affinity" time="0.001" /><testcase classname="tests.test_metric_measure" name="test_weighted_lly_lipschitz_from_length" time="0.002" /><testcase classname="tests.test_metric_measure" name="test_weighted_forman_edge_finite" time="0.000" /><testcase classname="tests.test_metric_measure" name="test_weighted_forman_uniform_weights_matches_unweighted_af3" time="0.001" /><testcase classname="tests.test_metric_measure" name="test_weighted_af3_proxy_is_not_weighted_forman" time="0.000" /><testcase classname="tests.test_metric_measure" name="test_ricci_flow_target_length_config" time="0.000" /><testcase classname="tests.test_metric_measure" name="test_ricci_flow_target_invalid_rejected" time="0.000" /><testcase classname="tests.test_metric_measure" name="test_shadow_horizons_config" time="0.000" /><testcase classname="tests.test_metric_measure" name="test_shadow_horizons_invalid_rejected" time="0.000" /><testcase classname="tests.test_metric_measure" name="test_multi_horizon_shadow_certification" time="0.127" /><testcase classname="tests.integration.test_wal_redesign.TestWALCompleteSerialization" name="test_wal_records_fiber_delta" time="0.016" /><testcase classname="tests.integration.test_v6_exp4_models.TestMLPModels" name="test_mlp_regressor_ensemble_uncertainty" time="0.045" /><testcase classname="tests.integration.test_wal_redesign.TestWALCommitOrdering" name="test_commit_record_exists_after_commit" time="0.012" /><testcase classname="tests.integration.test_v511_cross_seed_determinism" name="test_cross_seed_identical_execution[0]" time="8.409" /><testcase classname="tests.integration.test_wal_redesign.TestWALCommitOrdering" name="test_no_commit_record_on_rollback" time="0.014" /><testcase classname="tests.test_authority_persistence" name="test_slot_generation_included_in_graph_state_hash" time="0.001" /><testcase classname="tests.test_authority_persistence" name="test_state_hash_stable_under_unchanged_generation" time="0.001" /><testcase classname="tests.test_authority_persistence" name="test_generation_sync_at_init" time="0.004" /><testcase classname="tests.test_authority_persistence" name="test_generation_sync_after_mutation" time="0.064" /><testcase classname="tests.integration.test_v6_exp4_models.TestMLPModels" name="test_mlp_regressor_freeze" time="0.008" /><testcase classname="tests.integration.test_v6_exp4_models.TestMLPModels" name="test_mlp_classifier_fit_predict" time="0.111" /><testcase classname="tests.test_authority_persistence" name="test_assert_generation_sync_detects_divergence" time="0.002" /><testcase classname="tests.test_authority_persistence" name="test_authority_hash_changes_on_graph_mutation" time="0.053" /><testcase classname="tests.test_metric_measure" name="test_edge_metric_invariant" time="0.001" /><testcase classname="tests.test_metric_measure" name="test_backward_compat_2tuple_edges" time="0.000" /><testcase classname="tests.test_metric_measure" name="test_backward_compat_3tuple_edges" time="0.000" /><testcase classname="tests.test_metric_measure" name="test_backward_compat_checkpoint_no_length" time="0.002" /><testcase classname="tests.test_mutations" name="test_fixed_capacity_mutations" time="0.001" /><testcase classname="tests.test_ollivier" name="test_k2_half_idle_identical_measures" time="0.001" /><testcase classname="tests.test_operators" name="test_dual_operators_are_row_stochastic" time="0.001" /><testcase classname="tests.test_operators" name="test_field_and_sparse_field_kernels" time="0.000" /><testcase classname="tests.test_operators" name="test_mutation_receipt" time="0.002" /><testcase classname="tests.test_slot_lifecycle" name="test_reused_slot_resets_adam_exp_avg_and_prevents_moment
[...]
ry" name="test_replay_discards_uncommitted" time="0.013" /><testcase classname="tests.integration.test_v6_exp5_world_model.TestActionEncoding" name="test_action_schema_hash_deterministic" time="0.000" /><testcase classname="tests.integration.test_v6_exp5_world_model.TestActionEncoding" name="test_state_action_schema_hash" time="0.000" /><testcase classname="tests.integration.test_v6_exp5_world_model.TestActionEncoding" name="test_encode_action_empty_target" time="0.000" /><testcase classname="tests.integration.test_v6_exp5_world_model.TestLinearDynamics" name="test_fit_and_predict" time="0.001" /><testcase classname="tests.integration.test_v6_exp5_world_model.TestLinearDynamics" name="test_fit_rejects_non_train_split" time="0.000" /><testcase classname="tests.integration.test_v6_exp5_world_model.TestLinearDynamics" name="test_predict_before_fit_returns_identity" time="0.000" /><testcase classname="tests.integration.test_v6_exp5_world_model.TestLinearDynamics" name="test_batch_prediction" time="0.000" /><testcase classname="tests.integration.test_v6_exp5_world_model.TestLinearDynamics" name="test_serialization_roundtrip" time="0.001" /><testcase classname="tests.integration.test_v6_exp5_world_model.TestLinearDynamics" name="test_n_parameters" time="0.000" /><testcase classname="tests.integration.test_v6_exp5_world_model.TestLinearDynamics" name="test_hyperparameters" time="0.000" /><testcase classname="tests.integration.test_v6_exp5_world_model.TestLinearDynamics" name="test_degenerate_empty_dataset" time="0.000" /><testcase classname="tests.integration.test_v6_exp5_world_model.TestLinearDynamics" name="test_deterministic_fit" time="0.000" /><testcase classname="tests.integration.test_v6_exp5_world_model.TestMLPDynamics" name="test_fit_and_predict" time="0.002" /><testcase classname="tests.integration.test_v6_exp5_world_model.TestMLPDynamics" name="test_fit_rejects_non_train_split" time="0.000" /><testcase classname="tests.integration.test_v6_exp5_world_model.TestMLPDynamics" name="test_predict_before_fit_returns_identity" time="0.000" /><testcase classname="tests.integration.test_v6_exp5_world_model.TestMLPDynamics" name="test_batch_prediction" time="0.001" /><testcase classname="tests.integration.test_v6_exp5_world_model.TestMLPDynamics" name="test_serialization_roundtrip" time="0.001" /><testcase classname="tests.integration.test_v6_exp5_world_model.TestMLPDynamics" name="test_n_parameters" time="0.002" /><testcase classname="tests.integration.test_v6_exp5_world_model.TestMLPDynamics" name="test_hyperparameters" time="0.000" /><testcase classname="tests.integration.test_v6_exp5_world_model.TestMLPDynamics" name="test_degenerate_empty_dataset" time="0.000" /><testcase classname="tests.integration.test_v6_exp5_world_model.TestDynamicsMetrics" name="test_perfect_prediction" time="0.001" /><testcase classname="tests.integration.test_v6_exp5_world_model.TestDynamicsMetrics" name="test_imperfect_prediction" time="0.000" /><testcase classname="tests.integration.test_v6_exp5_world_model.TestDynamicsMetrics" name="test_per_dim_rmse" time="0.000" /><testcase classname="tests.integration.test_v6_exp5_world_model.TestDynamicsMetrics" name="test_empty_input" time="0.000" /><testcase classname="tests.integration.test_v6_exp5_world_model.TestDynamicsMetrics" name="test_horizon_recorded" time="0.000" /><testcase classname="tests.integration.test_v6_exp5_world_model.TestJointWorldModel" name="test_fit_and_predict" time="0.001" /><testcase classname="tests.integration.test_v6_exp5_world_model.TestJointWorldModel" name="test_fit_rejects_non_train_split" time="0.000" /><testcase classname="tests.integration.test_v6_exp5_world_model.TestJointWorldModel" name="test_predict_before_fit_returns_zeros" time="0.000" /><testcase classname="tests.integration.test_v6_exp5_world_model.TestJointWorldModel" name="test_batch_prediction" time="0.001" /><testcase classname="tests.integration.test_v6_exp5_world_model.TestJointWorldModel" name="test_dynamics_batch" time="0.001" /><testcase classname="tests.integration.test_v6_exp5_world_model.TestJointWorldModel" name="test_outcome_batch" time="0.001" /><testcase classname="tests.test_v510_config_presets" name="test_research_preset_defaults" time="0.000" /><testcase classname="tests.test_v510_config_presets" name="test_production_preset_requires_signing_key" time="0.000" /><testcase classname="tests.test_v510_config_presets" name="test_production_preset_fails_without_signing_key" time="0.000" /><testcase classname="tests.test_v510_config_presets" name="test_benchmark_preset_has_larger_candidate_set" time="0.000" /><testcase classname="tests.test_v510_config_presets" name="test_load_runtime_config_by_preset" time="0.000" /><testcase classname="tests.test_v510_config_presets" name="test_load_runtime_config_with_overrides" time="0.001" /><testcase classname="tests.integration.test_v6_exp2_dataset.TestDeterministicRegeneration" name="test_config_hash_deterministic" time="0.000" /><testcase classname="tests.integration.test_v6_exp2_dataset.TestLeakageControl" name="test_train_split_has_no_held_out_families" time="0.840" /><testcase classname="tests.integration.test_golden_multi_domain.TestGoldenMultiDomainTransaction" name="test_golden_transaction_receipt" time="2.270" /><testcase classname="tests.integration.test_v6_exp2_dataset.TestLeakageControl" name="test_held_out_split_has_no_train_families" time="0.334" /><testcase classname="tests.integration.test_v6_exp2_dataset.TestLeakageControl" name="test_validation_split_separate_from_train_and_held_out" time="0.252" /><testcase classname="tests.integration.test_v6_exp2_dataset.TestSchemaVersion" name="test_schema_version" time="0.000" /><testcase classname="tests.integration.test_v6_exp2_dataset.TestSchemaVersion" name="test_generator_version" time="0.000" /><testcase classname="tests.integration.test_v6_exp2_dataset.TestSchemaVersion" name="test_metadata_has_correct_schema" time="1.371" /><testcase classname="tests.integration.test_failpoint_crash_matrix.TestSIGKILLFailpointMatrix" name="test_sigkill_at_failpoint_recovers_cleanly[before_graph_apply]" time="4.426" /><testcase classname="tests.integration.test_golden_multi_domain.TestGoldenMultiDomainTransaction" name="test_golden_all_component_hashes_match" time="2.472" /><testcase classname="tests.integration.test_v6_exp2_dataset.TestAuthorityBoundaryExp2" name="test_generator_does_not_mutate_runtime_after_generation" time="2.736" /><testcase classname="tests.integration.test_v511_final_qualification.TestV511Qualification" name="test_canonical_phase_invocation_proven" time="0.000" /><testcase classname="tests.integration.test_v511_final_qualification.TestV511Qualification" name="test_immutable_state_proven" time="0.013" /><testcase classname="tests.integration.test_v511_final_qualification.TestV511Qualification" name="test_production_fail_closed_proven" time="0.000" /><testcase classname="tests.integration.test_v511_final_qualification.TestV511Qualification" name="test_determinism_proven" time="0.001" /><testcase classname="tests.integration.test_v511_final_qualification.TestV511Qualification" name="test_single_mutation_channel_proven" time="0.013" /><testcase classname="tests.integration.test_v511_final_qualification.TestV511Qualification" name="test_shadow_only_evaluation_proven" time="0.011" /><testcase classname="tests.integration.test_v511_final_qualification.TestV511Qualification" name="test_atomic_transactions_proven" time="0.006" /><testcase classname="tests.integration.test_v511_final_qualification.TestV511Qualification" name="test_authorization_binding_proven" time="0.006" /><testcase classname="tests.integration.test_v511_final_qualification.TestV511Qualification" name="test_stale_transaction_detection_proven" time="0.006" /><testcase classname="tests.integration.test_v511_final_qualification.TestV511Qualification" name="test_wal_integration_proven" time="0.009" /><testcase classname="tests.integration.test_v511_final_qualification.TestV511Qualification" name="test_crash_recovery_proven" time="0.015" /><testcase classname="tests.integration.test_v511_final_qualification.TestV511Qualification" name="test_adversarial_authority_proven" time="0.005" /><testcase classname="tests.integration.test_v511_final_qualification.TestV511Qualification" name="test_mpc_causal_relevance_proven" time="0.006" /><testcase classname="tests.integration.test_v511_final_qualification.TestV511Qualification" name="test_ig_causal_relevance_proven" time="0.006" /><testcase classname="tests.integration.test_v511_final_qualification.TestV511Qualification" name="test_learning_connection_proven" time="0.018" /><testcase classname="tests.integration.test_v511_final_qualification.TestV511Qualification" name="test_governed_promotion_proven" time="0.000" /><testcase classname="tests.integration.test_v511_final_qualification.TestV511Qualification" name="test_performance_gates_proven" time="0.000" /><testcase classname="tests.integration.test_v511_final_qualification.TestV511Qualification" name="test_packaging_proven" time="0.000" /><testcase classname="tests.integration.test_v511_final_qualification.TestV511Qualification" name="test_scientific_benchmark_proven" time="0.000" /><testcase classname="tests.test_v32_hardening" name="test_so_connection_bank_stays_special_orthogonal_after_optimizer_step" time="0.016" /><testcase classname="tests.test_v32_hardening" name="test_project_to_so_d_repairs_reflection" time="0.002" /><testcase classname="tests.test_v32_hardening" name="test_engine_gauge_transport_is_finite_and_shape_stable" time="0.003" /><testcase classname="tests.test_v32_hardening" name="test_log_sinkhorn_is_finite_at_small_epsilon_large_metric_and_tracks_lp" time="0.007" /><testcase classname="tests.test_v32_hardening" name="test_reversible_markov_generator_uses_volume_measure" time="0.001" /><testcase classname="tests.test_v32_hardening" name="test_log_ricci_flow_never_creates_nonpositive_weights" time="0.000" /><testcase classname="tests.test_v32_hardening" name="test_cooldown_and_deadband_prevent_surgery_thrashing" time="0.000" /><testcase classname="tests.test_v32_hardening" name="test_sparse_lobpcg_gap_matches_exact_cycle" time="0.015" /><testcase classname="tests.test_v32_hardening" name="test_spectral_gap_returns_zero_for_isolated_vertex_without_nan" time="0.000" /><testcase classname="tests.test_v32_hardening" name="test_fixed_capacity_bucket_rounding" time="0.000" /><testcase classname="tests.test_v32_hardening" name="test_local_bridge_gate_rejects_before_global_audit" time="0.001" /><testcase classname="tests.test_v32_hardening" name="test_engine_cooldown_rejects_immediate_repeat_reweight" time="0.018" /><testcase classname="tests.test_v32_hardening" name="test_gauge_slot_reset_on_committed_prune" time="0.027" /><testcase classname="tests.test_v32_hardening" name="test_padded_edge_refresh_keeps_static_shapes_after_mutation" time="0.001" /><testcase classname="tests.test_v32_hardening" name="test_log_sinkhorn_preserves_exact_zero_mass_support" time="0.000" /><testcase classname="tests.test_v32_hardening" name="test_log_sinkhorn_fails_closed_on_nonconvergence" time="0.001" /><testcase classname="tests.test_v32_hardening" name="test_stationary_measure_power_iteration_matches_path_volume" time="0.000" /><testcase classname="tests.test_v32_hardening" name="test_diffusion_does_not_accumulate_hidden_inactive_latent_state" time="0.001" /><testcase classname="tests.test_v32_hardening" name="test_normalized_generator_removes_float32_row_sum_roundoff" time="0.001" /><testcase classname="tests.test_v32_hardening" name="test_gauge_connections_receive_integrated_training_gradients" time="0.003" /><testcase classname="tests.test_v411_integrity" name="test_sparse_governor_n_gt_2048" time="3.116" /><testcase classname="tests.integration.test_idempotent_replay.TestStateAwareIdempotentReplay" name="test_replay_twice_is_idempotent" time="0.023" /><testcase classname="tests.integration.test_idempotent_replay.TestStateAwareIdempotentReplay" name="test_already_applied_transaction_is_skipped" time="0.010" /><testcase classname="tests.integration.test_idempotent_replay.TestStateAwareIdempotentReplay" name="test_replay_onto_pre_state_applies_transaction" time="0.016" /><testcase classname="tests.integration.test_idempotent_replay.TestStateAwareIdempotentReplay" name="test_checkpoint_lsn_prevents_duplicate_apply" time="0.025" /><testcase classname="tests.integration.test_idempotent_replay.TestStateAwareIdempotentReplay" name="test_replay_preserves_graph_version" time="0.016" /><testcase classname="tests.integration.test_learning_and_promotion.TestLearningConnection" name="test_replay_buffer_grows_with_commits" time="0.134" /><testcase classname="tests.integration.test_learning_and_promotion.TestLearningConnection" name="test_learning_transition_records_predicted_outcome" time="0.018" /><testcase classname="tests.integration.test_learning_and_promotion.TestLearningConnection" name="test_learning_transition_records_realized_outcome" time="0.019" /><testcase classname="tests.integration.test_learning_and_promotion.TestLearningConnection" name="test_calibration_flag_set_on_commit" time="0.019" /><testcase classname="tests.integration.test_learning_and_promotion.TestLearningConnection" name="test_governance_rejection_records_outcome" time="0.148" /><testcase classname="tests.integration.test_learning_and_promotion.TestGovernedModelPromotion" name="test_promotion_experimental_to_candidate_requires_safety" time="0.001" /><testcase classname="tests.integration.test_learning_and_promotion.TestGovernedModelPromotion" name="test_promotion_with_safety_passes" time="0.000" /><testcase classname="tests.integration.test_learning_and_promotion.TestGovernedModelPromotion" name="test_promotion_to_qualified_requires_scientific_and_performance" time="0.000" /><testcase classname="tests.integration.test_learning_and_promotion.TestGovernedModelPromotion" name="test_promotion_to_production_requires_signed_checkpoint" time="0.000" /><testcase classname="tests.integration.test_learning_and_promotion.TestGovernedModelPromotion" name="test_promotion_to_production_with_checkpoint_passes" time="0.000" /><testcase classname="tests.integration.test_learning_and_promotion.TestGovernedModelPromotion" name="test_no_downgrade_allowed" time="0.000" /><testcase classname="tests.integration.test_learning_and_promotion.TestGovernedModelPromotion" name="test_failed_safety_gate_blocks_promotion" time="0.000" /><testcase classname="tests.integration.test_learning_and_promotion.TestGovernedModelPromotion" name="test_failed_adversarial_gate_blocks_promotion" time="0.000" /><testcase classname="tests.integration.test_learning_and_promotion.TestGovernedModelPromotion" name="test_failed_crash_recovery_gate_blocks_promotion" time="0.000" /><testcase classname="tests.integration.test_learning_and_promotion.TestGovernedModelPromotion" name="test_failed_authority_boundary_gate_blocks_promotion" time="0.000" /><testcase classname="tests.integration.test_learning_credit_naming.TestCreditNamingCleanup" name="test_credit_assignment_docstring_does_not_claim_hierarchical" time="0.000" /><testcase classname="tests.integration.test_learning_credit_naming.TestCreditNamingCleanup" name="test_learning_result_docstring_does_not_claim_hierarchical" time="0.000" /><testcase classname="tests.integration.test_learning_credit_naming.TestCreditNamingCleanup" name="test_credit_assignment_has_subsystem_fields" time="0.000" /><testcase classname="tests.integration.test_v6_exp2_dataset.TestAuthorityBoundaryExp2" name="test_counterfactual_records_have_no_authority_binding" time="1.916" /><testcase classname="tests.test_v411_integrity" name="test_sparse_governor_n_gt_2048_no_dense_allocation" time="0.080" /><testcase classname="tests.test_v411_integrity" name="test_sparse_discrepancy_matches_dense" time="0.003" /><testcase classname="tests.test_v411_integrity" name="test_sparse_discrepancy_duplicate_coalescing" time="0.001" /><testcase classname="tests.test_v411_integrity" name="test_safe_checkpoint_preserves_independent_length" time="0.009" /><testcase classname="tests.test_v411_integrity" name="test_safe_checkpoint_roundtrip_independent_length" time="0.006" /><testcase classname="tests.test_v411_integrity" name="test_governance_hash_commits_shadow_horizons" time="0.001" /><testcase classname="tests.integration.test_failpoint_crash_matrix.TestSIGKILLFailpointMatrix" name="test_sigkill_at_failpoint_recovers_cleanly[after_graph_apply]" time="3.789" /><testcase classname="tests.integration.test_v6_exp3_encoders.TestProtocol" name="test_encoded_state_creation" time="0.000" /><testcase classname="tests.integration.test_v6_exp3_encoders.TestProtocol" name="test_encoded_action_creation" time="0.000" /><testcase classname="tests.integration.test_failpoint_crash_matrix.TestSIGKILLFailpointMatrix" name="test_sigkill_at_failpoint_recovers_cleanly[after_state_swap]" time="3.746" /><testcase classname="tests.integration.test_failpoint_crash_matrix.TestSIGKILLFailpointMatrix" name="test_sigkill_at_failpoint_recovers_cleanly[before_verification]" time="3.647" /><testcase classname="tests.integration.test_failpoint_crash_matrix.TestSIGKILLFailpointMatrix" name="test_sigkill_at_failpoint_recovers_cleanly[after_verification]" time="3.663" /><testcase classname="tests.integration.test_failpoint_crash_matrix.TestSIGKILLFailpointMatrix" name="test_sigkill_at_failpoint_recovers_cleanly[before_receipt]" time="3.703" /><testcase classname="tests.integration.test_failpoint_crash_matrix.TestSIGKILLFailpointMatrix" name="test_sigkill_at_failpoint_recovers_cleanly[during_receipt]" time="3.639" /><testcase classname="tests.integration.test_failpoint_crash_matrix.TestSIGKILLFailpointMatrix" name="test_sigkill_at_failpoint_recovers_cleanly[after_receipt]" time="3.711" /><testcase classname="tests.integration.test_failpoint_crash_matrix.TestSIGTERMFailpointMatrix" name="test_sigterm_at_failpoint_recovers_cleanly[before_prepare]" time="3.717" /><testcase classname="tests.integration.test_failpoint_crash_matrix.TestSIGTERMFailpointMatrix" name="test_sigterm_at_failpoint_recovers_cleanly[after_prepare]" time="3.831" /><testcase classname="tests.integration.test_failpoint_crash_matrix.TestSIGTERMFailpointMatrix" name="test_sigterm_at_failpoint_recovers_cleanly[before_durable_commit_intent]" time="3.858" /><testcase classname="tests.integration.test_failpoint_crash_matrix.TestSIGTERMFailpointMatrix" name="test_sigterm_at_failpoint_recovers_cleanly[after_durable_commit_intent]" time="3.773" /><testcase classname="tests.integration.test_failpoint_crash_matrix.TestSIGTERMFailpointMatrix" name="test_sigterm_at_failpoint_recovers_cleanly[before_graph_apply]" time="3.798" /><testcase classname="tests.integration.test_failpoint_crash_matrix.TestSIGTERMFailpointMatrix" name="test_sigterm_at_failpoint_recovers_cleanly[after_state_swap]" time="3.776" /><testcase classname="tests.integration.test_failpoint_crash_matrix.TestSIGTERMFailpointMatrix" name="test_sigterm_at_failpoint_recovers_cleanly[after_verification]" time="3.763" /><testcase classname="tests.integration.test_failpoint_crash_matrix.TestSIGTERMFailpointMatrix" name="test_sigterm_at_failpoint_recovers_cleanly[after_receipt]" time="3.633" /><testcase classname="tests.integration.test_failpoint_crash_matrix" name="test_full_state_agreement_on_recovery" time="0.016" /><testcase classname="tests.integration.test_fiber_gauge_canonical.TestFiberCanonicalTransaction" name="test_make_fiber_transaction_creates_valid_transaction" time="0.006" /><testcase classname="tests.integration.test_fiber_gauge_canonical.TestFiberCanonicalTransaction" name="test_fiber_transaction_commits_through_commit_channel" time="0.006" /><testcase classname="tests.integration.test_fiber_gauge_canonical.TestGaugeCanonicalTransaction" name="test_make_gauge_transaction_creates_valid_transaction" time="0.006" /></testsuite></testsuites>